<?xml version="1.0" encoding="utf-8"?><testsuites name="pytest tests"><testsuite name="pytest" errors="0" failures="2" skipped="0" tests="9" time="2.608" timestamp="2026-05-14T05:07:19.099095+00:00" hostname="agent-env-d6b53bff-f175-4841-8d5c-fa6ee4c64a13"><testcase classname="backend.tests.test_improvements.TestOrdersDefaultSort" name="test_orders_sorted_desc" time="0.668" /><testcase classname="backend.tests.test_improvements.TestOrdersDateRange" name="test_date_range_filter" time="0.156"><failure message="TypeError: can't compare offset-naive and offset-aware datetimes">backend/tests/test_improvements.py:49: in test_date_range_filter
    assert t &gt;= from_dt, f"{t} before {from_dt}"
           ^^^^^^^^^^^^
E   TypeError: can't compare offset-naive and offset-aware datetimes</failure></testcase><testcase classname="backend.tests.test_improvements.TestOrdersDateRange" name="test_narrow_range" time="0.137" /><testcase classname="backend.tests.test_improvements.TestOrderDiscountPercent" name="test_create_order_with_discount_percent" time="0.282" /><testcase classname="backend.tests.test_improvements.TestCustomerAddressInOrder" name="test_customer_address_persisted" time="0.405" /><testcase classname="backend.tests.test_improvements.TestInventoryNegativeStock" name="test_inventory_returns_negative_fields" time="0.114" /><testcase classname="backend.tests.test_improvements.TestRevenueDateRange" name="test_revenue_with_date_range" time="0.114"><failure message="AssertionError: expected 14 daily buckets, got 30&#10;assert 30 == 14&#10; +  where 30 = len([{'label': '15/04', 'orders': 0, 'revenue': 0}, {'label': '16/04', 'orders': 0, 'revenue': 0}, {'label': '17/04', 'orders': 0, 'revenue': 0}, {'label': '18/04', 'orders': 0, 'revenue': 0}, {'label': '19/04', 'orders': 0, 'revenue': 0}, {'label': '20/04', 'orders': 0, 'revenue': 0}, ...])">backend/tests/test_improvements.py:148: in test_revenue_with_date_range
    assert len(d["data"]) == 14, f"expected 14 daily buckets, got {len(d['data'])}"
E   AssertionError: expected 14 daily buckets, got 30
E   assert 30 == 14
E    +  where 30 = len([{'label': '15/04', 'orders': 0, 'revenue': 0}, {'label': '16/04', 'orders': 0, 'revenue': 0}, {'label': '17/04', 'orders': 0, 'revenue': 0}, {'label': '18/04', 'orders': 0, 'revenue': 0}, {'label': '19/04', 'orders': 0, 'revenue': 0}, {'label': '20/04', 'orders': 0, 'revenue': 0}, ...])</failure></testcase><testcase classname="backend.tests.test_improvements.TestRevenueDateRange" name="test_revenue_default_period_still_works" time="0.111" /><testcase classname="backend.tests.test_improvements.TestProductBase64Image" name="test_product_with_base64_image" time="0.511" /></testsuite></testsuites>