<?xml version="1.0" encoding="utf-8"?><testsuites name="pytest tests"><testsuite name="pytest" errors="0" failures="0" skipped="0" tests="9" time="2.315" timestamp="2026-05-14T05:11:00.517028+00:00" hostname="agent-env-d6b53bff-f175-4841-8d5c-fa6ee4c64a13"><testcase classname="backend.tests.test_improvements.TestOrdersDefaultSort" name="test_orders_sorted_desc" time="0.603" /><testcase classname="backend.tests.test_improvements.TestOrdersDateRange" name="test_date_range_filter" time="0.113" /><testcase classname="backend.tests.test_improvements.TestOrdersDateRange" name="test_narrow_range" time="0.142" /><testcase classname="backend.tests.test_improvements.TestOrderDiscountPercent" name="test_create_order_with_discount_percent" time="0.208" /><testcase classname="backend.tests.test_improvements.TestCustomerAddressInOrder" name="test_customer_address_persisted" time="0.307" /><testcase classname="backend.tests.test_improvements.TestInventoryNegativeStock" name="test_inventory_returns_negative_fields" time="0.104" /><testcase classname="backend.tests.test_improvements.TestRevenueDateRange" name="test_revenue_with_date_range" time="0.140" /><testcase classname="backend.tests.test_improvements.TestRevenueDateRange" name="test_revenue_default_period_still_works" time="0.117" /><testcase classname="backend.tests.test_improvements.TestProductBase64Image" name="test_product_with_base64_image" time="0.521" /></testsuite></testsuites>