<?xml version="1.0" encoding="utf-8"?><testsuites name="pytest tests"><testsuite name="pytest" errors="0" failures="4" skipped="0" tests="61" time="23.284" timestamp="2026-05-19T09:43:51.643741+00:00" hostname="agent-env-d6b53bff-f175-4841-8d5c-fa6ee4c64a13"><testcase classname="backend.tests.test_phase_2_security.TestSecurityPin2Setup" name="test_get_status_initial" time="0.423" /><testcase classname="backend.tests.test_phase_2_security.TestSecurityPin2Setup" name="test_pin2_requires_account_password" time="0.608" /><testcase classname="backend.tests.test_phase_2_security.TestSecurityPin2Setup" name="test_set_pin2_ok" time="0.906" /><testcase classname="backend.tests.test_phase_2_security.TestSecurityPin2Setup" name="test_verify_pin2_wrong" time="0.640" /><testcase classname="backend.tests.test_phase_2_security.TestSecurityPin2Setup" name="test_verify_pin2_correct" time="0.626" /><testcase classname="backend.tests.test_phase_2_security.TestOrderActionsRequirePin2" name="test_status_update_without_pin2" time="1.019" /><testcase classname="backend.tests.test_phase_2_security.TestOrderActionsRequirePin2" name="test_status_update_wrong_pin2" time="0.275" /><testcase classname="backend.tests.test_phase_2_security.TestOrderActionsRequirePin2" name="test_status_update_with_pin2" time="0.646" /><testcase classname="backend.tests.test_phase_2_security.TestDeleteAllOrders3Layer" name="test_delete_all_requires_setup" time="2.551" /><testcase classname="backend.tests.test_phase_2_security.TestDeleteAllOrders3Layer" name="test_delete_pins_must_differ" time="0.591" /><testcase classname="backend.tests.test_phase_2_security" name="test_zz_cleanup_pin2" time="0.582" /><testcase classname="backend.tests.test_phase_5_8" name="test_production_forecast_requires_auth" time="0.099" /><testcase classname="backend.tests.test_phase_5_8" name="test_insights_combos_requires_auth" time="0.098" /><testcase classname="backend.tests.test_phase_5_8" name="test_insights_scoring_requires_auth" time="0.100" /><testcase classname="backend.tests.test_phase_5_8" name="test_insights_ai_suggest_requires_auth" time="0.095" /><testcase classname="backend.tests.test_phase_5_8" name="test_production_forecast_shape" time="0.433" /><testcase classname="backend.tests.test_phase_5_8" name="test_production_forecast_days_ahead_2" time="0.108" /><testcase classname="backend.tests.test_phase_5_8" name="test_production_list" time="0.098" /><testcase classname="backend.tests.test_phase_5_8" name="test_production_create_and_delete" time="0.722" /><testcase classname="backend.tests.test_phase_5_8" name="test_production_create_invalid_product" time="0.098" /><testcase classname="backend.tests.test_phase_5_8" name="test_insights_combos_shape" time="0.102" /><testcase classname="backend.tests.test_phase_5_8" name="test_insights_customer_scoring_shape" time="0.096"><failure message="AssertionError: Internal Server Error&#10;assert 500 == 200&#10; +  where 500 = &lt;Response [500]&gt;.status_code">backend/tests/test_phase_5_8.py:167: in test_insights_customer_scoring_shape
    assert r.status_code == 200, r.text
E   AssertionError: Internal Server Error
E   assert 500 == 200
E    +  where 500 = &lt;Response [500]&gt;.status_code</failure></testcase><testcase classname="backend.tests.test_phase_5_8" name="test_insights_ai_suggest" time="0.164"><failure message="AssertionError: AI suggest failed: 500 Internal Server Error&#10;assert 500 == 200&#10; +  where 500 = &lt;Response [500]&gt;.status_code">backend/tests/test_phase_5_8.py:190: in test_insights_ai_suggest
    assert r.status_code == 200, f"AI suggest failed: {r.status_code} {r.text[:300]}"
E   AssertionError: AI suggest failed: 500 Internal Server Error
E   assert 500 == 200
E    +  where 500 = &lt;Response [500]&gt;.status_code</failure></testcase><testcase classname="backend.tests.test_v2.TestSystem" name="test_auth_login_admin" time="0.350" /><testcase classname="backend.tests.test_v2.TestSystem" name="test_system_time" time="0.106" /><testcase classname="backend.tests.test_v2.TestSystem" name="test_system_permissions" time="0.113" /><testcase classname="backend.tests.test_v2.TestSystem" name="test_reset_demo_without_confirm" time="0.192" /><testcase classname="backend.tests.test_v2.TestSettings" name="test_get_settings_defaults" time="0.117" /><testcase classname="backend.tests.test_v2.TestSettings" name="test_put_settings_persists" time="0.213" /><testcase classname="backend.tests.test_v2.TestCustomers" name="test_create_customer_with_new_fields" time="0.203" /><testcase classname="backend.tests.test_v2.TestCustomers" name="test_customers_care" time="0.115"><failure message="assert 500 == 200&#10; +  where 500 = &lt;Response [500]&gt;.status_code">backend/tests/test_v2.py:209: in test_customers_care
    assert r.status_code == 200
E   assert 500 == 200
E    +  where 500 = &lt;Response [500]&gt;.status_code</failure></testcase><testcase classname="backend.tests.test_v2.TestCustomers" name="test_export_excel" time="0.108" /><testcase classname="backend.tests.test_v2.TestCustomers" name="test_import_template_returns_xlsx" time="0.097" /><testcase classname="backend.tests.test_v2.TestCustomers" name="test_import_xlsx" time="0.415" /><testcase classname="backend.tests.test_v2.TestCustomers" name="test_cleanup_customer" time="0.116" /><testcase classname="backend.tests.test_v2.TestMaterialsStock" name="test_create_material" time="0.111" /><testcase classname="backend.tests.test_v2.TestMaterialsStock" name="test_list_materials" time="0.107" /><testcase classname="backend.tests.test_v2.TestMaterialsStock" name="test_stock_in_updates_material_and_creates_movement" time="0.324" /><testcase classname="backend.tests.test_v2.TestMaterialsStock" name="test_update_and_delete_material" time="0.230" /><testcase classname="backend.tests.test_v2.TestSuppliers" name="test_create_supplier_new_fields" time="0.117" /><testcase classname="backend.tests.test_v2.TestSuppliers" name="test_cleanup_supplier" time="0.108" /><testcase classname="backend.tests.test_v2.TestOrders" name="test_seed_product" time="0.101" /><testcase classname="backend.tests.test_v2.TestOrders" name="test_seed_customer_with_max_debt_days" time="0.097" /><testcase classname="backend.tests.test_v2.TestOrders" name="test_create_order_with_debt" time="0.097" /><testcase classname="backend.tests.test_v2.TestOrders" name="test_status_transitions_new_to_processing_to_delivering" time="0.208" /><testcase classname="backend.tests.test_v2.TestOrders" name="test_debt_pending_status" time="0.106" /><testcase classname="backend.tests.test_v2.TestOrders" name="test_assign_shipper" time="1.084" /><testcase classname="backend.tests.test_v2.TestOrders" name="test_duplicate_order" time="0.098" /><testcase classname="backend.tests.test_v2.TestOrders" name="test_users_shippers_endpoint" time="0.108" /><testcase classname="backend.tests.test_v2.TestDebts" name="test_debts_customers_list" time="0.101"><failure message="assert 500 == 200&#10; +  where 500 = &lt;Response [500]&gt;.status_code">backend/tests/test_v2.py:474: in test_debts_customers_list
    assert r.status_code == 200
E   assert 500 == 200
E    +  where 500 = &lt;Response [500]&gt;.status_code</failure></testcase><testcase classname="backend.tests.test_v2.TestDebts" name="test_debts_customer_orders" time="0.111" /><testcase classname="backend.tests.test_v2.TestDebts" name="test_collect_partial_payment" time="0.112" /><testcase classname="backend.tests.test_v2.TestDebts" name="test_pay_supplier" time="0.294" /><testcase classname="backend.tests.test_v2.TestDebts" name="test_debts_payments_history" time="0.107" /><testcase classname="backend.tests.test_v2.TestDebts" name="test_cleanup_orders_and_customer" time="0.428" /><testcase classname="backend.tests.test_v2.TestRBAC" name="test_shipper_cannot_view_customers" time="0.098" /><testcase classname="backend.tests.test_v2.TestRBAC" name="test_shipper_can_view_orders" time="0.105" /><testcase classname="backend.tests.test_v2.TestRBAC" name="test_shipper_permissions_self" time="0.106" /><testcase classname="backend.tests.test_v2.TestChat" name="test_chat_claude" time="3.811" /><testcase classname="backend.tests.test_v2.TestChat" name="test_chat_gpt_52" time="1.539" /><testcase classname="backend.tests.test_v2.TestMisc" name="test_orders_list_no_legacy_status_or_cod" time="0.205" /></testsuite></testsuites>