<?xml version="1.0" encoding="utf-8"?><testsuites name="pytest tests"><testsuite name="pytest" errors="0" failures="2" skipped="0" tests="12" time="19.545" timestamp="2026-05-18T04:41:10.270552+00:00" hostname="agent-env-d6b53bff-f175-4841-8d5c-fa6ee4c64a13"><testcase classname="backend.tests.test_phase_5_8" name="test_production_forecast_requires_auth" time="0.318" /><testcase classname="backend.tests.test_phase_5_8" name="test_insights_combos_requires_auth" time="0.111" /><testcase classname="backend.tests.test_phase_5_8" name="test_insights_scoring_requires_auth" time="0.136" /><testcase classname="backend.tests.test_phase_5_8" name="test_insights_ai_suggest_requires_auth" time="0.138" /><testcase classname="backend.tests.test_phase_5_8" name="test_production_forecast_shape" time="0.462" /><testcase classname="backend.tests.test_phase_5_8" name="test_production_forecast_days_ahead_2" time="0.150" /><testcase classname="backend.tests.test_phase_5_8" name="test_production_list" time="0.118" /><testcase classname="backend.tests.test_phase_5_8" name="test_production_create_and_delete" time="0.346"><failure message="AssertionError: {&quot;detail&quot;:[{&quot;type&quot;:&quot;literal_error&quot;,&quot;loc&quot;:[&quot;body&quot;,&quot;shift&quot;],&quot;msg&quot;:&quot;Input should be 'morning', 'afternoon', 'evening' or 'night'&quot;,&quot;input&quot;:&quot;sang&quot;,&quot;ctx&quot;:{&quot;expected&quot;:&quot;'morning', 'afternoon', 'evening' or 'night'&quot;},&quot;url&quot;:&quot;https://errors.pydantic.dev/2.13/v/literal_error&quot;}]}&#10;assert 422 == 200&#10; +  where 422 = &lt;Response [422]&gt;.status_code">backend/tests/test_phase_5_8.py:120: in test_production_create_and_delete
    assert cr.status_code == 200, cr.text
E   AssertionError: {"detail":[{"type":"literal_error","loc":["body","shift"],"msg":"Input should be 'morning', 'afternoon', 'evening' or 'night'","input":"sang","ctx":{"expected":"'morning', 'afternoon', 'evening' or 'night'"},"url":"https://errors.pydantic.dev/2.13/v/literal_error"}]}
E   assert 422 == 200
E    +  where 422 = &lt;Response [422]&gt;.status_code</failure></testcase><testcase classname="backend.tests.test_phase_5_8" name="test_production_create_invalid_product" time="0.114"><failure message="assert 422 == 404&#10; +  where 422 = &lt;Response [422]&gt;.status_code">backend/tests/test_phase_5_8.py:149: in test_production_create_invalid_product
    assert r.status_code == 404
E   assert 422 == 404
E    +  where 422 = &lt;Response [422]&gt;.status_code</failure></testcase><testcase classname="backend.tests.test_phase_5_8" name="test_insights_combos_shape" time="0.120" /><testcase classname="backend.tests.test_phase_5_8" name="test_insights_customer_scoring_shape" time="0.175" /><testcase classname="backend.tests.test_phase_5_8" name="test_insights_ai_suggest" time="17.247" /></testsuite></testsuites>