<?xml version="1.0" encoding="utf-8"?><testsuites name="pytest tests"><testsuite name="pytest" errors="0" failures="0" skipped="0" tests="30" time="10.774" timestamp="2026-05-14T04:18:54.163243+00:00" hostname="agent-env-d6b53bff-f175-4841-8d5c-fa6ee4c64a13"><testcase classname="tests.backend_test.TestAuth" name="test_login_success" time="0.517" /><testcase classname="tests.backend_test.TestAuth" name="test_login_wrong_password" time="0.412" /><testcase classname="tests.backend_test.TestAuth" name="test_me_with_bearer" time="0.479" /><testcase classname="tests.backend_test.TestAuth" name="test_me_unauthenticated" time="0.110" /><testcase classname="tests.backend_test.TestAuth" name="test_register_staff" time="0.376" /><testcase classname="tests.backend_test.TestAuth" name="test_refresh_token" time="0.486" /><testcase classname="tests.backend_test.TestAuth" name="test_logout" time="0.106" /><testcase classname="tests.backend_test.TestDashboard" name="test_dashboard_stats" time="0.127" /><testcase classname="tests.backend_test.TestProducts" name="test_list_products_seed" time="0.103" /><testcase classname="tests.backend_test.TestProducts" name="test_create_product" time="0.210" /><testcase classname="tests.backend_test.TestProducts" name="test_update_product" time="0.099" /><testcase classname="tests.backend_test.TestProducts" name="test_low_stock_filter" time="0.106" /><testcase classname="tests.backend_test.TestProducts" name="test_staff_cannot_delete" time="0.443" /><testcase classname="tests.backend_test.TestProducts" name="test_admin_can_delete" time="0.103" /><testcase classname="tests.backend_test.TestCustomers" name="test_list_customers" time="0.100" /><testcase classname="tests.backend_test.TestCustomers" name="test_crud_customer" time="0.403" /><testcase classname="tests.backend_test.TestSuppliers" name="test_list_suppliers" time="0.103" /><testcase classname="tests.backend_test.TestSuppliers" name="test_staff_cannot_create_supplier" time="0.104" /><testcase classname="tests.backend_test.TestSuppliers" name="test_admin_can_create_supplier" time="0.203" /><testcase classname="tests.backend_test.TestOrders" name="test_list_orders" time="0.116" /><testcase classname="tests.backend_test.TestOrders" name="test_create_order_decrements_stock" time="0.295" /><testcase classname="tests.backend_test.TestOrders" name="test_update_order_status_cancelled_restores_stock" time="0.257" /><testcase classname="tests.backend_test.TestReports" name="test_revenue_report[daily-30]" time="0.112" /><testcase classname="tests.backend_test.TestReports" name="test_revenue_report[weekly-12]" time="0.117" /><testcase classname="tests.backend_test.TestReports" name="test_revenue_report[monthly-12]" time="0.127" /><testcase classname="tests.backend_test.TestReports" name="test_debt_report" time="0.103" /><testcase classname="tests.backend_test.TestReports" name="test_inventory_report" time="0.103" /><testcase classname="tests.backend_test.TestUsers" name="test_list_users_admin" time="0.108" /><testcase classname="tests.backend_test.TestUsers" name="test_list_users_staff_forbidden" time="0.106" /><testcase classname="tests.backend_test.TestChat" name="test_chat_calls_claude" time="4.623" /></testsuite></testsuites>