<?xml version="1.0" encoding="utf-8"?><testsuites name="pytest tests"><testsuite name="pytest" errors="0" failures="3" skipped="0" tests="38" time="12.591" timestamp="2026-05-18T03:06:12.409482+00:00" hostname="agent-env-d6b53bff-f175-4841-8d5c-fa6ee4c64a13"><testcase classname="backend.tests.test_v2.TestSystem" name="test_auth_login_admin" time="0.366" /><testcase classname="backend.tests.test_v2.TestSystem" name="test_system_time" time="0.103" /><testcase classname="backend.tests.test_v2.TestSystem" name="test_system_permissions" time="0.097"><failure message="AssertionError: assert 'customers.view' not in ['orders.view', 'delivery.view', 'delivery.bill', 'customers.view']">E   AssertionError: assert 'customers.view' not in ['orders.view', 'delivery.view', 'delivery.bill', 'customers.view']</failure></testcase><testcase classname="backend.tests.test_v2.TestSystem" name="test_reset_demo_without_confirm" time="0.209" /><testcase classname="backend.tests.test_v2.TestSettings" name="test_get_settings_defaults" time="0.100" /><testcase classname="backend.tests.test_v2.TestSettings" name="test_put_settings_persists" time="0.207" /><testcase classname="backend.tests.test_v2.TestCustomers" name="test_create_customer_with_new_fields" time="0.206" /><testcase classname="backend.tests.test_v2.TestCustomers" name="test_customers_care" time="0.149" /><testcase classname="backend.tests.test_v2.TestCustomers" name="test_export_excel" time="0.159" /><testcase classname="backend.tests.test_v2.TestCustomers" name="test_import_template_returns_xlsx" time="0.107" /><testcase classname="backend.tests.test_v2.TestCustomers" name="test_import_xlsx" time="0.496" /><testcase classname="backend.tests.test_v2.TestCustomers" name="test_cleanup_customer" time="0.120" /><testcase classname="backend.tests.test_v2.TestMaterialsStock" name="test_create_material" time="0.119" /><testcase classname="backend.tests.test_v2.TestMaterialsStock" name="test_list_materials" time="0.104" /><testcase classname="backend.tests.test_v2.TestMaterialsStock" name="test_stock_in_updates_material_and_creates_movement" time="0.453" /><testcase classname="backend.tests.test_v2.TestMaterialsStock" name="test_update_and_delete_material" time="0.208" /><testcase classname="backend.tests.test_v2.TestSuppliers" name="test_create_supplier_new_fields" time="0.244" /><testcase classname="backend.tests.test_v2.TestSuppliers" name="test_cleanup_supplier" time="0.105" /><testcase classname="backend.tests.test_v2.TestOrders" name="test_seed_product" time="0.106" /><testcase classname="backend.tests.test_v2.TestOrders" name="test_seed_customer_with_max_debt_days" time="0.110" /><testcase classname="backend.tests.test_v2.TestOrders" name="test_create_order_with_debt" time="0.101" /><testcase classname="backend.tests.test_v2.TestOrders" name="test_status_transitions_new_to_processing_to_delivering" time="0.205" /><testcase classname="backend.tests.test_v2.TestOrders" name="test_debt_pending_status" time="0.096" /><testcase classname="backend.tests.test_v2.TestOrders" name="test_assign_shipper" time="1.112" /><testcase classname="backend.tests.test_v2.TestOrders" name="test_duplicate_order" time="0.107" /><testcase classname="backend.tests.test_v2.TestOrders" name="test_users_shippers_endpoint" time="0.108" /><testcase classname="backend.tests.test_v2.TestDebts" name="test_debts_customers_list" time="0.101" /><testcase classname="backend.tests.test_v2.TestDebts" name="test_debts_customer_orders" time="0.144" /><testcase classname="backend.tests.test_v2.TestDebts" name="test_collect_partial_payment" time="0.118" /><testcase classname="backend.tests.test_v2.TestDebts" name="test_pay_supplier" time="0.348" /><testcase classname="backend.tests.test_v2.TestDebts" name="test_debts_payments_history" time="0.099" /><testcase classname="backend.tests.test_v2.TestDebts" name="test_cleanup_orders_and_customer" time="0.416" /><testcase classname="backend.tests.test_v2.TestRBAC" name="test_shipper_cannot_view_customers" time="0.134"><failure message="AssertionError: expected 403 for shipper on /customers, got 200&#10;assert 200 == 403&#10; +  where 200 = &lt;Response [200]&gt;.status_code">E   AssertionError: expected 403 for shipper on /customers, got 200
    assert 200 == 403
     +  where 200 = &lt;Response [200]&gt;.status_code</failure></testcase><testcase classname="backend.tests.test_v2.TestRBAC" name="test_shipper_can_view_orders" time="0.111" /><testcase classname="backend.tests.test_v2.TestRBAC" name="test_shipper_permissions_self" time="0.108"><failure message="AssertionError: assert 'customers.view' not in ['orders.view', 'delivery.view', 'delivery.bill', 'customers.view']">E   AssertionError: assert 'customers.view' not in ['orders.view', 'delivery.view', 'delivery.bill', 'customers.view']</failure></testcase><testcase classname="backend.tests.test_v2.TestChat" name="test_chat_claude" time="3.513" /><testcase classname="backend.tests.test_v2.TestChat" name="test_chat_gpt_52" time="1.654" /><testcase classname="backend.tests.test_v2.TestMisc" name="test_orders_list_no_legacy_status_or_cod" time="0.221" /></testsuite></testsuites>